<?xml version="1.0" encoding="UTF-8"?>
<!-- Generated by org.testng.reporters.JUnitReportReporter -->
<testsuite hostname="Daniel" name="Section17_TestNG.A8_DataProvider" tests="3" failures="0" timestamp="24 May 2019 04:07:43 GMT" time="0.016" errors="0">
  <testcase name="timeOutExample" time="0.002" classname="Section17_TestNG.A8_DataProvider"/>
  <testcase name="timeOutExample" time="0.003" classname="Section17_TestNG.A8_DataProvider"/>
  <testcase name="timeOutExample" time="0.011" classname="Section17_TestNG.A8_DataProvider"/>
</testsuite> <!-- Section17_TestNG.A8_DataProvider -->
