<?xml version="1.0" encoding="UTF-8"?>
<!-- Generated by org.testng.reporters.JUnitReportReporter -->
<testsuite hostname="Daniel" name="Section17_TestNG.A1_Basics" tests="2" failures="0" timestamp="24 May 2019 03:27:07 GMT" time="0.013" errors="0">
  <testcase name="method2" time="0.001" classname="Section17_TestNG.A1_Basics"/>
  <testcase name="method1" time="0.012" classname="Section17_TestNG.A1_Basics"/>
</testsuite> <!-- Section17_TestNG.A1_Basics -->
