<?xml version="1.0" encoding="UTF-8"?>
<!-- Generated by org.testng.reporters.JUnitReportReporter -->
<testsuite hostname="Daniel" name="Section17_Parameters.A1_Parameters" tests="1" failures="0" timestamp="25 May 2019 03:58:21 GMT" time="8.757" errors="0">
  <testcase name="Login" time="8.757" classname="Section17_Parameters.A1_Parameters"/>
</testsuite> <!-- Section17_Parameters.A1_Parameters -->
