<?xml version="1.0" encoding="UTF-8"?>
<!-- Generated by org.testng.reporters.JUnitReportReporter -->
<testsuite hostname="Daniel" name="Section17_TestNG.A7_Parametrizacion" tests="1" failures="0" timestamp="24 May 2019 03:49:28 GMT" time="0.014" errors="0">
  <testcase name="timeOutExample" time="0.014" classname="Section17_TestNG.A7_Parametrizacion"/>
</testsuite> <!-- Section17_TestNG.A7_Parametrizacion -->
