<?xml version="1.0" encoding="UTF-8"?>
<!-- Generated by org.testng.reporters.JUnitReportReporter -->
<testsuite hostname="Daniel" name="Section17_TestNG.A1_Basics" tests="2" failures="0" timestamp="20 May 2019 11:42:32 GMT" time="0.039" errors="0">
  <testcase name="method2" time="0.010" classname="Section17_TestNG.A1_Basics"/>
  <testcase name="method1" time="0.029" classname="Section17_TestNG.A1_Basics"/>
</testsuite> <!-- Section17_TestNG.A1_Basics -->
