<?xml version="1.0" encoding="UTF-8"?>
<!-- Generated by org.testng.reporters.JUnitReportReporter -->
<testsuite hostname="Daniel" name="Section17_TestNG.A2_Basics2" tests="1" failures="0" timestamp="20 May 2019 11:42:32 GMT" time="0.010" errors="0">
  <testcase name="method3" time="0.010" classname="Section17_TestNG.A2_Basics2"/>
</testsuite> <!-- Section17_TestNG.A2_Basics2 -->
