<?xml version="1.0" encoding="UTF-8"?>
<!-- Generated by org.testng.reporters.JUnitReportReporter -->
<testsuite hostname="Daniel" name="Academy.HomePage" tests="1" failures="0" timestamp="14 Jul 2019 04:48:05 GMT" time="77.140" errors="0">
  <testcase name="homePageNavigation" time="77.140" classname="Academy.HomePage"/>
</testsuite> <!-- Academy.HomePage -->
