<?xml version="1.0" encoding="UTF-8"?>
<!-- Generated by org.testng.reporters.JUnitReportReporter -->
<testsuite hostname="Daniel" name="Academy.HomePage" tests="2" failures="0" timestamp="17 Jul 2019 01:45:03 GMT" time="33.005" errors="0">
  <testcase name="homePageNavigation" time="19.497" classname="Academy.HomePage"/>
  <testcase name="homePageNavigation" time="13.508" classname="Academy.HomePage"/>
</testsuite> <!-- Academy.HomePage -->
