<?xml version="1.0" encoding="UTF-8"?>
<!-- Generated by org.testng.reporters.JUnitReportReporter -->
<testsuite skipped="0" hostname="Daniel" name="seleniummaven.RestApiTest" tests="2" failures="0" timestamp="25 may 2019 21:15:18 GMT" time="0.012" errors="0">
  <testcase name="posJira" time="0.000" classname="seleniummaven.RestApiTest"/>
  <testcase name="deleteTwitter" time="0.012" classname="seleniummaven.RestApiTest"/>
</testsuite> <!-- seleniummaven.RestApiTest -->
