<?xml version="1.0" encoding="UTF-8"?>
<!-- Generated by org.testng.reporters.JUnitReportReporter -->
<testsuite skipped="0" hostname="Daniel" name="seleniummaven.SeleniumTest" tests="2" failures="0" timestamp="25 may 2019 20:47:06 GMT" time="0.002" errors="0">
  <testcase name="BrowserAutomation" time="0.001" classname="seleniummaven.SeleniumTest"/>
  <testcase name="elementsUI" time="0.001" classname="seleniummaven.SeleniumTest"/>
</testsuite> <!-- seleniummaven.SeleniumTest -->
