<?xml version="1.0" encoding="UTF-8"?>
<!-- Generated by org.testng.reporters.JUnitReportReporter -->
<testsuite skipped="0" hostname="Daniel" name="seleniummaven.RestApiTest" tests="2" failures="0" timestamp="26 may 2019 04:15:58 GMT" time="0.016" errors="0">
  <testcase name="posJira" time="0.001" classname="seleniummaven.RestApiTest"/>
  <testcase name="deleteTwitter" time="0.015" classname="seleniummaven.RestApiTest"/>
</testsuite> <!-- seleniummaven.RestApiTest -->
