<?xml version="1.0" encoding="UTF-8"?>
<!-- Generated by org.testng.reporters.JUnitReportReporter -->
<testsuite skipped="0" hostname="Daniel" name="seleniummaven.AppiumTest" tests="2" failures="0" timestamp="26 may 2019 04:15:58 GMT" time="0.000" errors="0">
  <testcase name="android" time="0.000" classname="seleniummaven.AppiumTest"/>
  <testcase name="ios" time="0.000" classname="seleniummaven.AppiumTest"/>
</testsuite> <!-- seleniummaven.AppiumTest -->
