<?xml version="1.0" encoding="UTF-8"?>
<!-- Generated by org.testng.reporters.JUnitReportReporter -->
<testsuite skipped="0" hostname="Daniel" name="seleniummaven.Selenium" tests="2" failures="0" timestamp="26 may 2019 04:15:58 GMT" time="0.001" errors="0">
  <testcase name="elementsUI" time="0.000" classname="seleniummaven.Selenium"/>
  <testcase name="BrowserAutomation" time="0.001" classname="seleniummaven.Selenium"/>
</testsuite> <!-- seleniummaven.Selenium -->
