<?xml version="1.0" encoding="UTF-8"?>
<!-- Generated by org.testng.reporters.JUnitReportReporter -->
<testsuite skipped="0" hostname="Daniel" name="Academy.HomePage" tests="2" failures="0" timestamp="19 jul 2019 01:15:57 GMT" time="60.574" errors="0">
  <testcase name="homePageNavigation" time="36.634" classname="Academy.HomePage"/>
  <testcase name="homePageNavigation" time="23.940" classname="Academy.HomePage"/>
</testsuite> <!-- Academy.HomePage -->
