<?xml version="1.0" encoding="UTF-8"?>
<!-- Generated by org.testng.reporters.JUnitReportReporter -->
<testsuite skipped="0" hostname="Daniel" name="Academy.HomePage" tests="2" failures="0" timestamp="15 jul 2019 02:25:06 GMT" time="28.512" errors="0">
  <testcase name="homePageNavigation" time="9.089" classname="Academy.HomePage"/>
  <testcase name="homePageNavigation" time="19.423" classname="Academy.HomePage"/>
</testsuite> <!-- Academy.HomePage -->
